2020-06-19 12:00:39,589 INFO bot main: Starting up django, pid: 20796
2020-06-19 12:00:39,589 INFO bot main: Starting up bot
2020-06-19 12:01:31,774 INFO bot main: Starting up django, pid: 20977
2020-06-19 12:01:31,774 INFO bot main: Starting up bot
2020-06-19 12:01:34,751 INFO bot main: >> bot!!
2020-06-19 13:44:17,269 INFO bot main: Starting up django, pid: 25592
2020-06-19 13:44:17,269 INFO bot main: Starting up bot
2020-06-19 13:44:20,242 INFO bot main: Logged in as teabt-test, id: 723085933427163189
2020-06-19 14:30:57,983 INFO bot main: Starting up django, pid: 28945
2020-06-19 14:30:57,983 INFO bot main: Starting up bot
2020-06-19 14:31:21,621 INFO bot main: Starting up django, pid: 28971
2020-06-19 14:31:21,621 INFO bot main: Starting up bot
2020-06-19 14:31:24,631 INFO bot main: Logged in as teabt-test, id: 723085933427163189
2020-06-19 14:52:53,919 INFO bot main: Starting up django, pid: 31387
2020-06-19 14:52:53,919 INFO bot main: Starting up bot
2020-06-19 14:52:56,903 INFO bot main: Logged in as teabt-test, id: 723085933427163189
2020-06-19 15:01:22,860 INFO bot main: Starting up django, pid: 32354
2020-06-19 15:01:22,860 INFO bot main: Starting up bot
2020-06-19 15:01:25,962 INFO bot main: Logged in as teabt-test, id: 723085933427163189
2020-06-19 15:03:05,287 INFO bot main: Starting up django, pid: 32490
2020-06-19 15:03:05,288 INFO bot main: Starting up bot
2020-06-19 15:03:08,282 INFO bot main: Logged in as teabt-test, id: 723085933427163189
2020-06-19 15:03:39,036 INFO bot main: Starting up django, pid: 32540
2020-06-19 15:03:39,037 INFO bot main: Starting up bot
2020-06-19 15:03:41,976 INFO bot main: Logged in as teabt-test, id: 723085933427163189
2020-06-19 15:03:57,074 INFO bot main: Starting up django, pid: 32575
2020-06-19 15:03:57,074 INFO bot main: Starting up bot
2020-06-19 15:04:00,094 INFO bot main: Logged in as teabt-test, id: 723085933427163189
2020-06-19 15:16:34,974 INFO bot main: Starting up django, pid: 1639
2020-06-19 15:16:34,974 INFO bot main: Starting up bot
2020-06-19 15:17:13,234 INFO bot main: Starting up django, pid: 1689
2020-06-19 15:17:13,234 INFO bot main: Starting up bot
2020-06-19 15:46:07,913 INFO bot main: Starting up django, pid: 3837
2020-06-19 15:46:07,913 INFO bot main: Starting up bot
2020-06-19 15:46:10,895 INFO bot main: Logged in as teabt-test, id: 723085933427163189
2020-06-19 15:47:40,668 INFO bot main: Starting up django, pid: 3990
2020-06-19 15:47:40,668 INFO bot main: Starting up bot
2020-06-19 15:47:43,636 INFO bot main: Logged in as teabt-test, id: 723085933427163189
2020-06-19 15:59:39,310 INFO bot main: Starting up django, pid: 5505
2020-06-19 15:59:39,310 INFO bot main: Starting up bot
2020-06-19 16:00:29,328 INFO bot main: Starting up bot
2020-06-19 16:01:11,361 INFO bot main: Starting up bot
2020-06-19 16:01:33,397 INFO bot main: Starting up bot
2020-06-19 16:03:41,451 INFO bot main: Starting up bot
2020-06-19 16:03:44,462 INFO bot main: Logged in as teabt-test, id: 723085933427163189
2020-06-19 16:05:02,437 INFO bot main: Starting up bot
2020-06-19 16:05:05,389 INFO bot main: Logged in as teabt-test, id: 723085933427163189
2020-06-19 16:08:36,635 INFO bot main: Starting up django, pid: 6676
2020-06-19 16:08:36,636 INFO bot main: Starting up bot
2020-06-19 16:08:39,580 INFO bot main: Logged in as teabt-test, id: 723085933427163189
2020-06-19 16:09:58,818 INFO bot main: Starting up django, pid: 6886
2020-06-19 16:09:58,819 INFO bot main: Starting up bot
2020-06-19 16:10:01,822 INFO bot main: Logged in as teabt-test, id: 723085933427163189
2020-06-19 16:28:52,251 INFO bot main: Starting up django, pid: 8517
2020-06-19 16:28:52,252 INFO bot main: Starting up bot
2020-06-19 16:29:19,703 INFO bot main: Starting up django, pid: 8625
2020-06-19 16:29:19,704 INFO bot main: Starting up bot
2020-06-19 16:29:22,674 INFO bot main: Logged in as teabt-test, id: 723085933427163189
2020-06-19 16:29:31,860 INFO bot main: Starting up django, pid: 8687
2020-06-19 16:29:31,860 INFO bot main: Starting up bot
2020-06-19 16:29:34,841 INFO bot main: Logged in as teabt-test, id: 723085933427163189
2020-06-19 16:30:21,344 INFO bot msgHandler: 260728202077405184 雷夢#2867 說：
0.0
2020-06-19 16:30:45,344 INFO bot msgHandler: 260728202077405184 雷夢#2867 說：
11
2020-06-19 16:50:39,830 INFO bot main: Starting up django, pid: 10623
2020-06-19 16:50:39,830 INFO bot main: Starting up bot
2020-06-19 16:50:42,831 INFO bot main: Logged in as teabt-test, id: 723085933427163189
2020-06-19 17:45:23,672 INFO bot main: Starting up django, pid: 15567
2020-06-19 17:45:23,672 INFO bot main: Starting up bot
2020-06-19 17:45:26,624 INFO bot main: Logged in as teabt-test, id: 723085933427163189
2020-06-19 17:48:16,593 INFO bot msgHandler: update guild name: 595240278735192076 > BOT1
2020-06-19 17:48:32,236 INFO bot msgHandler: update guild name: 595240278735192076 > BOT
2020-06-19 17:51:43,537 INFO bot msgHandler: update guild name: 595240278735192076 > BOT+
2020-06-19 17:51:54,230 INFO bot msgHandler: update guild name: 595240278735192076 > BOT
2020-06-19 18:05:01,865 INFO bot msgHandler: update guild name: 595240278735192076 > BOT00
2020-06-19 18:05:53,177 INFO bot msgHandler: update guild name: BOT00 > BOT
2020-06-19 18:25:08,617 INFO bot main: Starting up django, pid: 18538
2020-06-19 18:25:08,618 INFO bot main: Starting up bot
2020-06-19 18:25:11,615 INFO bot main: Logged in as teabt-test, id: 723085933427163189
2020-06-19 18:48:35,807 INFO bot main: Starting up django, pid: 20520
2020-06-19 18:48:35,808 INFO bot main: Starting up bot
2020-06-19 18:48:38,797 INFO bot main: Logged in as teabt-test, id: 723085933427163189
2020-06-19 18:50:06,881 INFO bot main: Starting up django, pid: 20705
2020-06-19 18:50:06,882 INFO bot main: Starting up bot
2020-06-19 18:50:09,857 INFO bot main: Logged in as teabt-test, id: 723085933427163189
2020-06-19 19:05:02,170 INFO bot main: Starting up django, pid: 22201
2020-06-19 19:05:02,170 INFO bot main: Starting up bot
2020-06-19 19:05:05,163 INFO bot main: Logged in as teabt-test, id: 723085933427163189
2020-06-20 09:53:57,121 INFO bot msgHandler: update author name: 雷夢#2867 > 雷夢a#2867
2020-06-20 09:54:37,818 INFO bot msgHandler: update author name: 雷夢a#2867 > 雷夢#2867
2020-06-20 11:55:10,711 INFO bot msgHandler: update nickname: 凝夢 > 凝夢1
2020-06-20 11:55:18,973 INFO bot msgHandler: update nickname: 凝夢1 > 凝夢
2020-06-20 14:24:23,837 INFO bot main: Starting up django, pid: 14776
2020-06-20 14:24:23,837 INFO bot main: Starting up bot
2020-06-20 14:24:26,832 INFO bot main: Logged in as teabt-test, id: 723085933427163189
2020-06-20 14:36:03,999 INFO bot msgHandler: 260728202077405184 雷夢#2867 說：
1
2020-06-20 14:55:11,919 INFO bot main: Starting up django, pid: 17197
2020-06-20 14:55:11,920 INFO bot main: Starting up bot
2020-06-20 14:55:14,993 INFO bot main: Logged in as teabt-test, id: 723085933427163189
2020-06-20 14:55:59,951 INFO bot main: Starting up django, pid: 17286
2020-06-20 14:55:59,951 INFO bot main: Starting up bot
2020-06-20 14:56:02,888 INFO bot main: Logged in as teabt-test, id: 723085933427163189
2020-06-20 14:57:03,179 INFO bot main: Starting up django, pid: 17345
2020-06-20 14:57:03,179 INFO bot main: Starting up bot
2020-06-20 14:57:06,175 INFO bot main: Logged in as teabt-test, id: 723085933427163189
2020-06-20 15:10:32,330 INFO bot main: Starting up django, pid: 18512
2020-06-20 15:10:32,331 INFO bot main: Starting up bot
2020-06-20 15:10:35,306 INFO bot main: Logged in as teabt-test, id: 723085933427163189
2020-06-20 15:31:18,282 INFO bot main: Starting up django, pid: 19834
2020-06-20 15:31:18,282 INFO bot main: Starting up bot
2020-06-20 15:31:21,287 INFO bot main: Logged in as teabt-test, id: 723085933427163189
2020-06-20 15:31:54,220 INFO bot main: Starting up django, pid: 19950
2020-06-20 15:31:54,220 INFO bot main: Starting up bot
2020-06-20 15:31:58,247 INFO bot main: Logged in as teabt-test, id: 723085933427163189
2020-06-20 15:34:21,528 INFO bot main: Starting up django, pid: 20281
2020-06-20 15:34:21,529 INFO bot main: Starting up bot
2020-06-20 15:34:24,489 INFO bot main: Logged in as teabt-test, id: 723085933427163189
2020-06-20 16:03:02,028 INFO bot main: Starting up django, pid: 22421
2020-06-20 16:03:02,028 INFO bot main: Starting up bot
2020-06-20 16:03:15,327 INFO bot main: Starting up django, pid: 22436
2020-06-20 16:03:15,328 INFO bot main: Starting up bot
2020-06-20 16:03:30,788 INFO bot main: Starting up django, pid: 22457
2020-06-20 16:03:30,789 INFO bot main: Starting up bot
2020-06-20 16:03:33,759 INFO bot main: Logged in as teabt-test, id: 723085933427163189
2020-06-20 16:29:13,825 INFO bot main: Starting up django, pid: 24545
2020-06-20 16:29:13,825 INFO bot main: Starting up bot
2020-06-20 16:29:16,806 INFO bot main: Logged in as teabt-test, id: 723085933427163189
2020-06-20 16:51:38,628 INFO bot main: Starting up django, pid: 25869
2020-06-20 16:51:38,628 INFO bot main: Starting up bot
2020-06-20 16:51:41,622 INFO bot main: Logged in as teabt-test, id: 723085933427163189
2020-06-20 18:06:21,998 INFO bot main: Starting up django, pid: 32457
2020-06-20 18:06:21,999 INFO bot main: Starting up bot
2020-06-20 18:06:25,004 INFO bot main: Logged in as teabt-test, id: 723085933427163189
2020-06-22 16:51:46,846 INFO bot main: Starting up django, pid: 6504
2020-06-22 16:51:46,847 INFO bot main: Starting up bot
2020-06-22 16:51:49,926 INFO bot main: Logged in as teabt-test, id: 723085933427163189
2020-06-22 16:52:26,570 INFO bot main: Starting up django, pid: 6565
2020-06-22 16:52:26,570 INFO bot main: Starting up bot
2020-06-22 16:52:29,555 INFO bot main: Logged in as teabt-test, id: 723085933427163189
2020-06-22 16:52:58,151 INFO bot main: Starting up django, pid: 6600
2020-06-22 16:52:58,152 INFO bot main: Starting up bot
2020-06-22 16:53:01,148 INFO bot main: Logged in as teabt-test, id: 723085933427163189
2020-06-22 16:53:47,060 INFO bot main: Starting up django, pid: 6654
2020-06-22 16:53:47,060 INFO bot main: Starting up bot
2020-06-22 16:53:50,163 INFO bot main: Logged in as teabt-test, id: 723085933427163189
2020-06-22 16:54:10,616 INFO bot main: Starting up django, pid: 6730
2020-06-22 16:54:10,616 INFO bot main: Starting up bot
2020-06-22 16:54:13,637 INFO bot main: Logged in as teabt-test, id: 723085933427163189
2020-06-22 17:34:37,289 INFO bot main: Starting up django, pid: 9888
2020-06-22 17:34:37,289 INFO bot main: Starting up bot
2020-06-22 17:34:40,274 INFO bot main: Logged in as teabt-test, id: 723085933427163189
2020-06-22 17:56:52,289 INFO bot main: Starting up django, pid: 11590
2020-06-22 17:56:52,289 INFO bot main: Starting up bot
2020-06-22 17:57:11,839 INFO bot main: Starting up django, pid: 11611
2020-06-22 17:57:11,840 INFO bot main: Starting up bot
2020-06-22 17:57:14,812 INFO bot main: Logged in as teabt-test, id: 723085933427163189
2020-06-22 18:00:07,463 INFO bot main: Starting up django, pid: 11867
2020-06-22 18:00:07,464 INFO bot main: Starting up bot
2020-06-22 18:00:10,518 INFO bot main: Logged in as teabt-test, id: 723085933427163189
2020-06-22 18:01:56,416 INFO bot main: Starting up django, pid: 12022
2020-06-22 18:01:56,416 INFO bot main: Starting up bot
2020-06-22 18:01:59,394 INFO bot main: Logged in as teabt-test, id: 723085933427163189
2020-06-22 18:07:48,778 INFO bot main: Starting up django, pid: 12434
2020-06-22 18:07:48,778 INFO bot main: Starting up bot
2020-06-22 18:07:51,772 INFO bot main: Logged in as teabt-test, id: 723085933427163189
2020-06-22 18:26:25,918 INFO bot main: Starting up django, pid: 14026
2020-06-22 18:26:25,919 INFO bot main: Starting up bot
2020-06-22 18:26:28,971 INFO bot main: Logged in as teabt-test, id: 723085933427163189
2020-06-22 18:28:51,810 INFO bot main: Starting up django, pid: 14192
2020-06-22 18:28:51,810 INFO bot main: Starting up bot
2020-06-22 18:28:54,798 INFO bot main: Logged in as teabt-test, id: 723085933427163189
2020-06-22 18:33:42,930 INFO bot main: Starting up django, pid: 14541
2020-06-22 18:33:42,930 INFO bot main: Starting up bot
2020-06-22 18:33:45,879 INFO bot main: Logged in as teabt-test, id: 723085933427163189
2020-06-22 18:49:17,430 INFO bot main: Starting up django, pid: 15974
2020-06-22 18:49:17,430 INFO bot main: Starting up bot
2020-06-22 18:49:20,421 INFO bot main: Logged in as teabt-test, id: 723085933427163189
2020-06-23 09:58:13,889 INFO bot main: Starting up django, pid: 25727
2020-06-23 09:58:13,890 INFO bot main: Starting up bot
2020-06-23 09:58:35,107 INFO bot main: Starting up django, pid: 25763
2020-06-23 09:58:35,107 INFO bot main: Starting up bot
2020-06-23 09:58:51,239 INFO bot main: Starting up django, pid: 25778
2020-06-23 09:58:51,239 INFO bot main: Starting up bot
2020-06-23 09:59:32,560 INFO bot main: Starting up django, pid: 25846
2020-06-23 09:59:32,560 INFO bot main: Starting up bot
2020-06-23 09:59:50,789 INFO bot main: Starting up django, pid: 25893
2020-06-23 09:59:50,789 INFO bot main: Starting up bot
2020-06-23 10:00:53,699 INFO bot main: Starting up django, pid: 25977
2020-06-23 10:00:53,700 INFO bot main: Starting up bot
2020-06-23 10:01:23,586 INFO bot main: Starting up django, pid: 26012
2020-06-23 10:01:23,586 INFO bot main: Starting up bot
2020-06-23 10:03:06,279 INFO bot main: Starting up django, pid: 26138
2020-06-23 10:03:06,279 INFO bot main: Starting up bot
2020-06-23 10:03:25,440 INFO bot main: Starting up django, pid: 26163
2020-06-23 10:03:25,441 INFO bot main: Starting up bot
2020-06-23 10:03:28,447 INFO bot main: Logged in as teabt-test, id: 723085933427163189
2020-06-23 10:13:14,843 INFO bot main: Starting up django, pid: 27052
2020-06-23 10:13:14,844 INFO bot main: Starting up bot
2020-06-23 10:13:17,888 INFO bot main: Logged in as teabt-test, id: 723085933427163189
2020-06-23 10:43:04,232 INFO bot main: Starting up django, pid: 29040
2020-06-23 10:43:04,232 INFO bot main: Starting up bot
2020-06-23 10:43:07,238 INFO bot main: Logged in as teabt-test, id: 723085933427163189
2020-06-23 10:44:27,264 INFO bot main: Starting up django, pid: 29199
2020-06-23 10:44:27,264 INFO bot main: Starting up bot
2020-06-23 10:44:30,267 INFO bot main: Logged in as teabt-test, id: 723085933427163189
2020-06-23 10:45:47,751 INFO bot main: Starting up django, pid: 29319
2020-06-23 10:45:47,752 INFO bot main: Starting up bot
2020-06-23 10:45:50,745 INFO bot main: Logged in as teabt-test, id: 723085933427163189
2020-06-23 11:12:04,405 INFO bot main: Starting up django, pid: 31815
2020-06-23 11:12:04,405 INFO bot main: Starting up bot
2020-06-23 11:12:07,346 INFO bot main: Logged in as teabt-test, id: 723085933427163189
2020-06-23 11:15:58,166 INFO bot main: Starting up django, pid: 32092
2020-06-23 11:15:58,166 INFO bot main: Starting up bot
2020-06-23 11:16:01,146 INFO bot main: Logged in as teabt-test, id: 723085933427163189
2020-06-23 11:24:10,387 INFO bot main: Starting up django, pid: 32575
2020-06-23 11:24:10,387 INFO bot main: Starting up bot
2020-06-23 11:24:13,396 INFO bot main: Logged in as teabt-test, id: 723085933427163189
2020-06-23 11:34:20,849 INFO bot main: Starting up django, pid: 911
2020-06-23 11:34:20,850 INFO bot main: Starting up bot
2020-06-23 11:34:23,804 INFO bot main: Logged in as teabt-test, id: 723085933427163189
2020-06-23 12:10:31,941 INFO bot main: Starting up django, pid: 4713
2020-06-23 12:10:31,942 INFO bot main: Starting up bot
2020-06-23 12:10:59,603 INFO bot main: Starting up django, pid: 4782
2020-06-23 12:10:59,603 INFO bot main: Starting up bot
2020-06-23 12:11:28,600 INFO bot main: Starting up django, pid: 4833
2020-06-23 12:11:28,600 INFO bot main: Starting up bot
2020-06-23 12:11:31,563 INFO bot main: Logged in as teabt-test, id: 723085933427163189
2020-06-23 13:34:20,329 INFO bot main: Starting up django, pid: 11310
2020-06-23 13:34:20,330 INFO bot main: Starting up bot
2020-06-23 13:34:23,328 INFO bot main: Logged in as teabt-test, id: 723085933427163189
2020-06-23 13:37:28,282 INFO bot main: Starting up django, pid: 11623
2020-06-23 13:37:28,282 INFO bot main: Starting up bot
2020-06-23 13:37:31,237 INFO bot main: Logged in as teabt-test, id: 723085933427163189
2020-06-23 13:40:59,566 INFO bot main: Starting up django, pid: 11901
2020-06-23 13:40:59,566 INFO bot main: Starting up bot
2020-06-23 13:41:02,569 INFO bot main: Logged in as teabt-test, id: 723085933427163189
2020-06-23 13:41:53,924 INFO bot main: Starting up django, pid: 12008
2020-06-23 13:41:53,924 INFO bot main: Starting up bot
2020-06-23 13:41:56,917 INFO bot main: Logged in as teabt-test, id: 723085933427163189
2020-06-23 13:42:50,719 INFO bot main: Starting up django, pid: 12065
2020-06-23 13:42:50,719 INFO bot main: Starting up bot
2020-06-23 13:42:53,671 INFO bot main: Logged in as teabt-test, id: 723085933427163189
2020-06-23 13:44:09,586 INFO bot main: Starting up django, pid: 12161
2020-06-23 13:44:09,586 INFO bot main: Starting up bot
2020-06-23 13:44:12,582 INFO bot main: Logged in as teabt-test, id: 723085933427163189
2020-06-23 14:17:32,362 INFO bot main: Starting up django, pid: 14643
2020-06-23 14:17:32,362 INFO bot main: Starting up bot
2020-06-23 14:17:35,346 INFO bot main: Logged in as teabt-test, id: 723085933427163189
2020-06-23 14:53:20,912 INFO bot main: Starting up django, pid: 17005
2020-06-23 14:53:20,912 INFO bot main: Starting up bot
2020-06-23 14:53:23,926 INFO bot main: Logged in as teabt-test, id: 723085933427163189
2020-06-23 16:17:02,376 INFO bot main: Starting up django, pid: 22609
2020-06-23 16:17:02,376 INFO bot main: Starting up bot
2020-06-23 16:17:05,354 INFO bot main: Logged in as teabt-test, id: 723085933427163189
2020-06-23 16:48:36,030 INFO bot main: Starting up django, pid: 25564
2020-06-23 16:48:36,031 INFO bot main: Starting up bot
2020-06-23 16:48:39,000 INFO bot main: Logged in as teabt-test, id: 723085933427163189
2020-06-23 17:09:17,292 INFO bot main: Starting up django, pid: 27276
2020-06-23 17:09:17,292 INFO bot main: Starting up bot
2020-06-23 17:09:20,243 INFO bot main: Logged in as teabt-test, id: 723085933427163189
2020-06-23 17:14:09,941 INFO bot main: Starting up django, pid: 27693
2020-06-23 17:14:09,941 INFO bot main: Starting up bot
2020-06-23 17:14:12,930 INFO bot main: Logged in as teabt-test, id: 723085933427163189
2020-06-23 17:39:56,512 INFO bot main: Starting up django, pid: 29294
2020-06-23 17:39:56,513 INFO bot main: Starting up bot
2020-06-23 17:39:59,472 INFO bot main: Logged in as teabt-test, id: 723085933427163189
2020-06-23 17:56:14,830 INFO bot main: Starting up django, pid: 30410
2020-06-23 17:56:14,830 INFO bot main: Starting up bot
2020-06-23 17:56:17,801 INFO bot main: Logged in as teabt-test, id: 723085933427163189
2020-06-23 18:20:43,015 INFO bot main: Starting up django, pid: 32365
2020-06-23 18:20:43,016 INFO bot main: Starting up bot
2020-06-23 18:20:46,081 INFO bot main: Logged in as teabt-test, id: 723085933427163189
